app/build/outputs/mapping/release/seeds.txt
com.amazonaws.elb.ap_southeast_1.proffilix_2113527495.twa.LauncherActivity: LauncherActivity()
com.amazonaws.elb.ap_southeast_1.proffilix_2113527495.twa.LauncherActivity
com.amazonaws.elb.ap_southeast_1.proffilix_2113527495.twa.Application
com.amazonaws.elb.ap_southeast_1.proffilix_2113527495.twa.Application: Application()
com.amazonaws.elb.ap_southeast_1.proffilix_2113527495.twa.DelegationService
com.amazonaws.elb.ap_southeast_1.proffilix_2113527495.twa.DelegationService: DelegationService()
...
com.google.androidbrowserhelper.trusted.DelegationService: DelegationService()
androidx.core.content.FileProvider
android.support.v4.graphics.drawable.IconCompatParcelizer: androidx.core.graphics.drawable.IconCompat read(androidx.versionedparcelable.VersionedParcel)
com.google.androidbrowserhelper.trusted.FocusActivity
androidx.annotation.Keep
androidx.browser.browseractions.BrowserActionsFallbackMenuView: BrowserActionsFallbackMenuView(android.content.Context,android.util.AttributeSet)
androidx.core.graphics.drawable.IconCompatParcelizer: void write(androidx.core.graphics.drawable.IconCompat,androidx.versionedparcelable.VersionedParcel)
com.google.androidbrowserhelper.trusted.WebViewFallbackActivity
androidx.lifecycle.FullLifecycleObserverAdapter
androidx.lifecycle.ReflectiveGenericLifecycleObserver
androidx.versionedparcelable.ParcelImpl: android.os.Parcelable$Creator CREATOR
androidx.versionedparcelable.ParcelImpl
androidx.core.app.RemoteActionCompatParcelizer: androidx.core.app.RemoteActionCompat read(androidx.versionedparcelable.VersionedParcel)
android.support.v4.graphics.drawable.IconCompatParcelizer
androidx.core.graphics.drawable.IconCompatParcelizer: androidx.core.graphics.drawable.IconCompat read(androidx.versionedparcelable.VersionedParcel)
android.support.v4.app.RemoteActionCompatParcelizer: void write(androidx.core.app.RemoteActionCompat,androidx.versionedparcelable.VersionedParcel)
com.google.androidbrowserhelper.trusted.LauncherActivity: LauncherActivity()
androidx.core.content.FileProvider: FileProvider()
androidx.core.graphics.drawable.IconCompat
android.support.v4.app.RemoteActionCompatParcelizer
androidx.versionedparcelable.CustomVersionedParcelable: CustomVersionedParcelable()
androidx.core.app.CoreComponentFactory: CoreComponentFactory()
androidx.core.app.RemoteActionCompatParcelizer: void write(androidx.core.app.RemoteActionCompat,androidx.versionedparcelable.VersionedParcel)
android.support.v4.app.RemoteActionCompatParcelizer: RemoteActionCompatParcelizer()
com.google.androidbrowserhelper.trusted.FocusActivity: FocusActivity()
androidx.versionedparcelable.CustomVersionedParcelable
androidx.browser.browseractions.BrowserActionsFallbackMenuView
android.support.v4.graphics.drawable.IconCompatParcelizer: void write(androidx.core.graphics.drawable.IconCompat,androidx.versionedparcelable.VersionedParcel)
android.support.v4.app.RemoteActionCompatParcelizer: androidx.core.app.RemoteActionCompat read(androidx.versionedparcelable.VersionedParcel)
androidx.lifecycle.SingleGeneratedAdapterObserver
androidx.core.app.RemoteActionCompatParcelizer
androidx.core.graphics.drawable.IconCompatParcelizer: IconCompatParcelizer()
androidx.core.app.RemoteActionCompat
androidx.core.app.RemoteActionCompatParcelizer: RemoteActionCompatParcelizer()
androidx.browser.trusted.TrustedWebActivityService: TrustedWebActivityService()
com.google.androidbrowserhelper.trusted.ManageDataLauncherActivity: ManageDataLauncherActivity()
androidx.core.graphics.drawable.IconCompat: IconCompat()
androidx.core.graphics.drawable.IconCompatParcelizer
androidx.core.app.RemoteActionCompat: RemoteActionCompat()
com.google.androidbrowserhelper.trusted.ManageDataLauncherActivity
com.google.androidbrowserhelper.trusted.WebViewFallbackActivity: WebViewFallbackActivity()
androidx.lifecycle.CompositeGeneratedAdaptersObserver
androidx.core.app.CoreComponentFactory
android.support.v4.graphics.drawable.IconCompatParcelizer: IconCompatParcelizer()