app/build/outputs/mapping/release/mapping.txt
# compiler: R8
# compiler_version: 2.1.86
# min_api: 19
# pg_map_id: e51ede5
# common_typos_disable
com.amazonaws.elb.ap_southeast_1.proffilix_2113527495.twa.LauncherActivity -> com.amazonaws.elb.ap_southeast_1.proffilix_2113527495.twa.LauncherActivity:
    android.net.Uri getLaunchingUrl() -> f
...
com.google.androidbrowserhelper.trusted.WebViewFallbackActivity -> com.google.androidbrowserhelper.trusted.WebViewFallbackActivity:
    java.util.List mExtraOrigins -> d
    android.webkit.WebView mWebView -> c
    int mStatusBarColor -> b
    java.lang.String TAG -> e
    android.net.Uri mLaunchUrl -> a
    android.webkit.WebView access$000(com.google.androidbrowserhelper.trusted.WebViewFallbackActivity) -> a
    android.webkit.WebView access$002(com.google.androidbrowserhelper.trusted.WebViewFallbackActivity,android.webkit.WebView) -> b
    void access$100(android.webkit.WebSettings) -> c
    android.net.Uri access$200(com.google.androidbrowserhelper.trusted.WebViewFallbackActivity) -> d
    int access$300(com.google.androidbrowserhelper.trusted.WebViewFallbackActivity) -> e
    java.lang.String access$400() -> f
    java.util.List access$500(com.google.androidbrowserhelper.trusted.WebViewFallbackActivity) -> g
    android.content.Intent createLaunchIntent(android.content.Context,android.net.Uri,com.google.androidbrowserhelper.trusted.LauncherActivityMetadata) -> h
    android.webkit.WebViewClient createWebViewClient() -> i
    void setupWebSettings(android.webkit.WebSettings) -> j
com.google.androidbrowserhelper.trusted.WebViewFallbackActivity$1 -> com.google.androidbrowserhelper.trusted.WebViewFallbackActivity$a:
    com.google.androidbrowserhelper.trusted.WebViewFallbackActivity this$0 -> a
    boolean matchExtraOrigins(android.net.Uri) -> a
    boolean shouldOverrideUrlLoading(android.net.Uri) -> b
    boolean uriOriginsMatch(android.net.Uri,android.net.Uri) -> c
com.google.androidbrowserhelper.trusted.splashscreens.-$$Lambda$PwaWrapperSplashScreenStrategy$AEuRt7oVnGOP2vf-Uvl2RaqkFW4 -> com.google.androidbrowserhelper.trusted.a0.a:
    java.lang.Runnable f$2 -> c
    com.google.androidbrowserhelper.trusted.splashscreens.PwaWrapperSplashScreenStrategy f$0 -> a
    androidx.browser.trusted.TrustedWebActivityIntentBuilder f$1 -> b
    void onFinished(boolean) -> a
com.google.androidbrowserhelper.trusted.splashscreens.-$$Lambda$PwaWrapperSplashScreenStrategy$p-f_rUE4TsZEGw17K3MBDrUxlsQ -> com.google.androidbrowserhelper.trusted.a0.b:
    java.lang.Runnable f$1 -> b
    com.google.androidbrowserhelper.trusted.splashscreens.PwaWrapperSplashScreenStrategy f$0 -> a
com.google.androidbrowserhelper.trusted.splashscreens.PwaWrapperSplashScreenStrategy -> com.google.androidbrowserhelper.trusted.a0.c:
    java.lang.String mFileProviderAuthority -> f
    android.widget.ImageView$ScaleType mScaleType -> d
    java.lang.String mProviderPackage -> j
    boolean mProviderSupportsSplashScreens -> k
    boolean mEnterAnimationComplete -> l
    com.google.androidbrowserhelper.trusted.splashscreens.SystemBarColorPredictor sSystemBarColorPredictor -> n
    int mFadeOutDurationMillis -> g
    int mDrawableId -> b
    int mBackgroundColor -> c
    android.graphics.Bitmap mSplashImage -> h
    com.google.androidbrowserhelper.trusted.splashscreens.SplashImageTransferTask mSplashImageTransferTask -> i
    java.lang.Runnable mOnEnterAnimationCompleteRunnable -> m
    android.graphics.Matrix mTransformationMatrix -> e
    android.app.Activity mActivity -> a
    void configureTwaBuilder(androidx.browser.trusted.TrustedWebActivityIntentBuilder,androidx.browser.customtabs.CustomTabsSession,java.lang.Runnable) -> a
    void onTwaLaunchInitiated(java.lang.String,androidx.browser.trusted.TrustedWebActivityIntentBuilder) -> b
    void customizeStatusAndNavBarDuringSplashScreen(java.lang.String,androidx.browser.trusted.TrustedWebActivityIntentBuilder) -> c
    void destroy() -> d
    void lambda$configureTwaBuilder$0(androidx.browser.trusted.TrustedWebActivityIntentBuilder,java.lang.Runnable,boolean) -> e