app/build/outputs/mapping/release/usage.txt
com.amazonaws.elb.ap_southeast_1.proffilix_2113527495.twa.R$style
com.amazonaws.elb.ap_southeast_1.proffilix_2113527495.twa.R
com.amazonaws.elb.ap_southeast_1.proffilix_2113527495.twa.R$xml
com.amazonaws.elb.ap_southeast_1.proffilix_2113527495.twa.R$raw
com.amazonaws.elb.ap_southeast_1.proffilix_2113527495.twa.R$attr
com.amazonaws.elb.ap_southeast_1.proffilix_2113527495.twa.R$integer
com.amazonaws.elb.ap_southeast_1.proffilix_2113527495.twa.R$mipmap
com.amazonaws.elb.ap_southeast_1.proffilix_2113527495.twa.R$styleable
com.amazonaws.elb.ap_southeast_1.proffilix_2113527495.twa.R$id
com.amazonaws.elb.ap_southeast_1.proffilix_2113527495.twa.R$string
com.amazonaws.elb.ap_southeast_1.proffilix_2113527495.twa.R$layout
com.amazonaws.elb.ap_southeast_1.proffilix_2113527495.twa.BuildConfig
com.amazonaws.elb.ap_southeast_1.proffilix_2113527495.twa.R$drawable
com.amazonaws.elb.ap_southeast_1.proffilix_2113527495.twa.R$bool
com.amazonaws.elb.ap_southeast_1.proffilix_2113527495.twa.R$dimen
com.amazonaws.elb.ap_southeast_1.proffilix_2113527495.twa.R$color
...
androidx.core.view.ViewCompat$FocusRelativeDirection
androidx.core.app.FrameMetricsAggregator
androidx.core.graphics.PaintCompat
androidx.core.view.ViewGroupCompat
androidx.core.view.ScaleGestureDetectorCompat
androidx.core.app.NotificationCompat$CarExtender
androidx.browser.customtabs.CustomTabsService$FilePurpose
androidx.lifecycle.GenericLifecycleObserver
androidx.annotation.LayoutRes
androidx.concurrent.futures.AbstractResolvableFuture$SynchronizedHelper
android.support.v4.app.INotificationSideChannel
androidx.core.graphics.PathParser$ExtractFloatResult
androidx.core.provider.FontsContractCompat$4$3
androidx.browser.trusted.TrustedWebActivityServiceConnection$1
androidx.core.app.RemoteActionCompat:
    public void <init>(androidx.core.graphics.drawable.IconCompat,java.lang.CharSequence,java.lang.CharSequence,android.app.PendingIntent)
    public void <init>(androidx.core.app.RemoteActionCompat)
    public static androidx.core.app.RemoteActionCompat createFromRemoteAction(android.app.RemoteAction)
    public void setEnabled(boolean)
    public boolean isEnabled()
    public void setShouldShowIcon(boolean)
    public boolean shouldShowIcon()
    public androidx.core.graphics.drawable.IconCompat getIcon()
    public java.lang.CharSequence getTitle()
    public java.lang.CharSequence getContentDescription()
    public android.app.PendingIntent getActionIntent()
    public android.app.RemoteAction toRemoteAction()
androidx.core.graphics.BitmapCompat
androidx.collection.CircularArray
androidx.core.provider.SelfDestructiveThread
androidx.versionedparcelable.VersionedParcel$1
com.google.androidbrowserhelper.trusted.ChromeUpdatePrompt:
    private void <init>()
    private static final java.lang.String UPDATE_CHROME_MESSAGE_RESOURCE_ID
androidx.core.app.ActivityOptionsCompat$ActivityOptionsCompatImpl
androidx.browser.customtabs.CustomTabsClient$1
androidx.core.app.ActivityRecreator
androidx.annotation.UiThread
androidx.versionedparcelable.NonParcelField
androidx.browser.customtabs.PostMessageBackend
androidx.core.view.GravityCompat
android.support.customtabs.trusted.ITrustedWebActivityCallback$Default
androidx.annotation.IntegerRes
androidx.annotation.GuardedBy
androidx.core.R$integer
androidx.arch.core.internal.SafeIterableMap$IteratorWithAdditions
androidx.annotation.InspectableProperty$ValueType
androidx.core.content.res.FontResourcesParserCompat$FamilyResourceEntry
androidx.core.R
androidx.core.view.accessibility.AccessibilityNodeInfoCompat$CollectionItemInfoCompat
androidx.core.view.ViewPropertyAnimatorListenerAdapter
androidx.core.widget.ListViewAutoScrollHelper
androidx.core.util.Pools$SynchronizedPool
androidx.browser.browseractions.BrowserServiceFileProvider$FileSaveTask
androidx.annotation.InspectableProperty
androidx.core.app.NotificationManagerCompat$NotifyTask
androidx.core.content.pm.ShortcutInfoCompat
android.support.customtabs.trusted.ITrustedWebActivityService$Stub:
    public static android.support.customtabs.trusted.ITrustedWebActivityService asInterface(android.os.IBinder)
    public static boolean setDefaultImpl(android.support.customtabs.trusted.ITrustedWebActivityService)
    public static android.support.customtabs.trusted.ITrustedWebActivityService getDefaultImpl()
    private static final java.lang.String DESCRIPTOR
    static final int TRANSACTION_areNotificationsEnabled
    static final int TRANSACTION_notifyNotificationWithChannel
    static final int TRANSACTION_cancelNotification
    static final int TRANSACTION_getActiveNotifications
    static final int TRANSACTION_getSmallIconId
    static final int TRANSACTION_getSmallIconBitmap
    static final int TRANSACTION_extraCommand
androidx.core.app.ShareCompat
androidx.core.content.SharedPreferencesCompat$EditorCompat
androidx.core.view.accessibility.AccessibilityNodeProviderCompat$AccessibilityNodeProviderApi16
androidx.core.view.NestedScrollingParent
androidx.core.app.NotificationCompat$Extender
androidx.lifecycle.MethodCallsLogger